<?xml version="1.0" encoding="UTF-8"?>
<robot generator="Robot 3.2.2 (Python 3.8.5 on win32)" generated="20210223 23:21:25.837" rpa="false">
<suite id="s1" name="Front office" source="D:\Cegedim\developpment\Front_Office_2\Tests\Front_office.robot">
<test id="s1-t1" name="User should able to access &quot;Registry&quot; Page">
<kw name="Web Started" library="CommonWeb" type="setup">
<kw name="Open Browser" library="Selenium2Library">
<doc>Opens a new browser instance to the optional ``url``.</doc>
<arguments>
<arg>about:blank</arg>
<arg>${BROWSER}</arg>
</arguments>
<msg timestamp="20210223 23:21:26.355" level="INFO">Opening browser 'chrome' to base url 'about:blank'.</msg>
<status status="PASS" starttime="20210223 23:21:26.354" endtime="20210223 23:21:27.937"></status>
</kw>
<kw name="Maximize Browser Window" library="Selenium2Library">
<doc>Maximizes current browser window.</doc>
<status status="PASS" starttime="20210223 23:21:27.937" endtime="20210223 23:21:28.068"></status>
</kw>
<status status="PASS" starttime="20210223 23:21:26.353" endtime="20210223 23:21:28.069"></status>
</kw>
<kw name="Go to Landing Page" library="FrontOffice">
<kw name="Navigate to" library="Landing">
<kw name="Go To" library="Selenium2Library">
<doc>Navigates the current browser window to the provided ``url``.</doc>
<arguments>
<arg>${URL}</arg>
</arguments>
<msg timestamp="20210223 23:21:28.072" level="INFO">Opening url 'https://www.amazon.com/'</msg>
<status status="PASS" starttime="20210223 23:21:28.072" endtime="20210223 23:21:42.694"></status>
</kw>
<status status="PASS" starttime="20210223 23:21:28.071" endtime="20210223 23:21:42.694"></status>
</kw>
<kw name="Verify Page Loaded" library="Landing">
<kw name="Wait Until Page Contains Element" library="Selenium2Library">
<doc>Waits until the element ``locator`` appears on the current page.</doc>
<arguments>
<arg>${NAVIGATION_ELEMENT}</arg>
</arguments>
<status status="PASS" starttime="20210223 23:21:42.695" endtime="20210223 23:21:42.786"></status>
</kw>
<status status="PASS" starttime="20210223 23:21:42.695" endtime="20210223 23:21:42.787"></status>
</kw>
<status status="PASS" starttime="20210223 23:21:28.069" endtime="20210223 23:21:42.787"></status>
</kw>
<kw name="Go to &quot;Registry&quot; Page" library="FrontOffice">
<kw name="Select &quot;Registry&quot; page" library="TopNav">
<kw name="Click Element" library="Selenium2Library">
<doc>Click the element identified by ``locator``.</doc>
<arguments>
<arg>${TOP_PAGE}</arg>
</arguments>
<msg timestamp="20210223 23:21:42.790" level="INFO">Clicking element 'css=#swm-link'.</msg>
<status status="PASS" starttime="20210223 23:21:42.789" endtime="20210223 23:22:11.883"></status>
</kw>
<kw name="Sleep" library="BuiltIn">
<doc>Pauses the test executed for the given time.</doc>
<arguments>
<arg>3s</arg>
</arguments>
<msg timestamp="20210223 23:22:14.884" level="INFO">Slept 3 seconds</msg>
<status status="PASS" starttime="20210223 23:22:11.884" endtime="20210223 23:22:14.884"></status>
</kw>
<status status="PASS" starttime="20210223 23:21:42.789" endtime="20210223 23:22:14.884"></status>
</kw>
<kw name="Verify Page Loaded" library="Covid">
<kw name="Wait Until Page Contains Element" library="Selenium2Library">
<doc>Waits until the element ``locator`` appears on the current page.</doc>
<arguments>
<arg>${NAVIGATION_LABEL}</arg>
</arguments>
<status status="PASS" starttime="20210223 23:22:14.887" endtime="20210223 23:22:14.926"></status>
</kw>
<status status="PASS" starttime="20210223 23:22:14.885" endtime="20210223 23:22:14.926"></status>
</kw>
<status status="PASS" starttime="20210223 23:21:42.788" endtime="20210223 23:22:14.927"></status>
</kw>
<kw name="Web end" library="CommonWeb" type="teardown">
<kw name="Close Browser" library="Selenium2Library">
<doc>Closes the current browser.</doc>
<status status="PASS" starttime="20210223 23:22:14.929" endtime="20210223 23:22:17.378"></status>
</kw>
<status status="PASS" starttime="20210223 23:22:14.928" endtime="20210223 23:22:17.378"></status>
</kw>
<doc>Test Number One</doc>
<tags>
<tag>Test_1</tag>
</tags>
<status status="PASS" starttime="20210223 23:21:26.351" endtime="20210223 23:22:17.379" critical="yes"></status>
</test>
<test id="s1-t2" name="&quot;Registry&quot; Page should match requirements">
<kw name="Web Started" library="CommonWeb" type="setup">
<kw name="Open Browser" library="Selenium2Library">
<doc>Opens a new browser instance to the optional ``url``.</doc>
<arguments>
<arg>about:blank</arg>
<arg>${BROWSER}</arg>
</arguments>
<msg timestamp="20210223 23:22:17.386" level="INFO">Opening browser 'chrome' to base url 'about:blank'.</msg>
<status status="PASS" starttime="20210223 23:22:17.385" endtime="20210223 23:22:18.781"></status>
</kw>
<kw name="Maximize Browser Window" library="Selenium2Library">
<doc>Maximizes current browser window.</doc>
<status status="PASS" starttime="20210223 23:22:18.781" endtime="20210223 23:22:18.901"></status>
</kw>
<status status="PASS" starttime="20210223 23:22:17.384" endtime="20210223 23:22:18.902"></status>
</kw>
<kw name="Go to Landing Page" library="FrontOffice">
<kw name="Navigate to" library="Landing">
<kw name="Go To" library="Selenium2Library">
<doc>Navigates the current browser window to the provided ``url``.</doc>
<arguments>
<arg>${URL}</arg>
</arguments>
<msg timestamp="20210223 23:22:18.904" level="INFO">Opening url 'https://www.amazon.com/'</msg>
<status status="PASS" starttime="20210223 23:22:18.904" endtime="20210223 23:22:35.151"></status>
</kw>
<status status="PASS" starttime="20210223 23:22:18.903" endtime="20210223 23:22:35.151"></status>
</kw>
<kw name="Verify Page Loaded" library="Landing">
<kw name="Wait Until Page Contains Element" library="Selenium2Library">
<doc>Waits until the element ``locator`` appears on the current page.</doc>
<arguments>
<arg>${NAVIGATION_ELEMENT}</arg>
</arguments>
<status status="PASS" starttime="20210223 23:22:35.153" endtime="20210223 23:22:35.199"></status>
</kw>
<status status="PASS" starttime="20210223 23:22:35.152" endtime="20210223 23:22:35.199"></status>
</kw>
<status status="PASS" starttime="20210223 23:22:18.903" endtime="20210223 23:22:35.200"></status>
</kw>
<kw name="Go to &quot;Registry&quot; Page" library="FrontOffice">
<kw name="Select &quot;Registry&quot; page" library="TopNav">
<kw name="Click Element" library="Selenium2Library">
<doc>Click the element identified by ``locator``.</doc>
<arguments>
<arg>${TOP_PAGE}</arg>
</arguments>
<msg timestamp="20210223 23:22:35.205" level="INFO">Clicking element 'css=#swm-link'.</msg>
<status status="PASS" starttime="20210223 23:22:35.205" endtime="20210223 23:23:20.209"></status>
</kw>
<kw name="Sleep" library="BuiltIn">
<doc>Pauses the test executed for the given time.</doc>
<arguments>
<arg>3s</arg>
</arguments>
<msg timestamp="20210223 23:23:23.211" level="INFO">Slept 3 seconds</msg>
<status status="PASS" starttime="20210223 23:23:20.210" endtime="20210223 23:23:23.211"></status>
</kw>
<status status="PASS" starttime="20210223 23:22:35.204" endtime="20210223 23:23:23.211"></status>
</kw>
<kw name="Verify Page Loaded" library="Covid">
<kw name="Wait Until Page Contains Element" library="Selenium2Library">
<doc>Waits until the element ``locator`` appears on the current page.</doc>
<arguments>
<arg>${NAVIGATION_LABEL}</arg>
</arguments>
<status status="PASS" starttime="20210223 23:23:23.212" endtime="20210223 23:23:23.271"></status>
</kw>
<status status="PASS" starttime="20210223 23:23:23.212" endtime="20210223 23:23:23.271"></status>
</kw>
<status status="PASS" starttime="20210223 23:22:35.202" endtime="20210223 23:23:23.272"></status>
</kw>
<kw name="Validate &quot;Registry&quot; Page" library="FrontOffice">
<kw name="Validate Page Contents" library="Covid">
<kw name="Element Text Should Be" library="Selenium2Library">
<doc>Verifies that element ``locator`` contains exact the text ``expected``.</doc>
<arguments>
<arg>${NAVIGATION_LABEL}</arg>
<arg>Amazon’s COVID-19 vaccination and testing blog</arg>
</arguments>
<msg timestamp="20210223 23:23:23.277" level="INFO">Verifying element 'css=body &gt; div.ArticlePage-contentWrapper &gt; div.ArticlePage-topContainer &gt; div.ArticlePage-topContainer-leadDetails &gt; div.ArticlePage-topContainer-textDetails &gt; h1' contains exact text 'Amazon’s COVID-19 vaccination and testing blog'.</msg>
<status status="PASS" starttime="20210223 23:23:23.274" endtime="20210223 23:23:23.318"></status>
</kw>
<status status="PASS" starttime="20210223 23:23:23.273" endtime="20210223 23:23:23.318"></status>
</kw>
<status status="PASS" starttime="20210223 23:23:23.273" endtime="20210223 23:23:23.318"></status>
</kw>
<kw name="Web end" library="CommonWeb" type="teardown">
<kw name="Close Browser" library="Selenium2Library">
<doc>Closes the current browser.</doc>
<status status="PASS" starttime="20210223 23:23:23.319" endtime="20210223 23:23:25.781"></status>
</kw>
<status status="PASS" starttime="20210223 23:23:23.319" endtime="20210223 23:23:25.783"></status>
</kw>
<doc>Test Number two</doc>
<tags>
<tag>Test_2</tag>
</tags>
<status status="PASS" starttime="20210223 23:22:17.382" endtime="20210223 23:23:25.784" critical="yes"></status>
</test>
<doc>This is My Challange with LevelOne in cours Robot Framework</doc>
<status status="PASS" starttime="20210223 23:21:25.842" endtime="20210223 23:23:25.790"></status>
</suite>
<statistics>
<total>
<stat pass="2" fail="0">Critical Tests</stat>
<stat pass="2" fail="0">All Tests</stat>
</total>
<tag>
<stat pass="1" fail="0">Test_1</stat>
<stat pass="1" fail="0">Test_2</stat>
</tag>
<suite>
<stat pass="2" fail="0" id="s1" name="Front office">Front office</stat>
</suite>
</statistics>
<errors>
<msg timestamp="20210223 23:21:26.348" level="ERROR">Error in file 'D:\Cegedim\developpment\Front_Office_2\Tests\Front_Office.robot' on line 6: Setting 'Test Setup' is not allowed in resource file.</msg>
<msg timestamp="20210223 23:21:26.349" level="ERROR">Error in file 'D:\Cegedim\developpment\Front_Office_2\Tests\Front_Office.robot' on line 7: Setting 'Test Teardown' is not allowed in resource file.</msg>
<msg timestamp="20210223 23:21:26.349" level="ERROR">Error in file 'D:\Cegedim\developpment\Front_Office_2\Recources\CommonWeb.robot' on line 3: Error in file 'D:\Cegedim\developpment\Front_Office_2\Tests\Front_Office.robot' on line 13: Resource file with 'Test Cases' section is invalid.</msg>
</errors>
</robot>
